<?xml version="1.0" encoding="UTF-8"?>
<testng-results skipped="0" failed="0" ignored="0" total="1" passed="1">
  <reporter-output>
  </reporter-output>
  <suite name="Default suite" duration-ms="81681" started-at="2021-01-06T11:16:37 IST" finished-at="2021-01-06T11:17:59 IST">
    <groups>
    </groups>
    <test name="Default test" duration-ms="81681" started-at="2021-01-06T11:16:37 IST" finished-at="2021-01-06T11:17:59 IST">
      <class name="demoWebShop.TestNGDemoWebshop_Set2">
        <test-method status="PASS" signature="beforeTest()[pri:0, instance:demoWebShop.TestNGDemoWebshop_Set2@2f177a4b]" name="beforeTest" is-config="true" duration-ms="64521" started-at="2021-01-06T11:16:37 IST" finished-at="2021-01-06T11:17:41 IST">
          <reporter-output>
          </reporter-output>
        </test-method> <!-- beforeTest -->
        <test-method status="PASS" signature="CameraList()[pri:0, instance:demoWebShop.TestNGDemoWebshop_Set2@2f177a4b]" name="CameraList" duration-ms="16075" started-at="2021-01-06T11:17:41 IST" finished-at="2021-01-06T11:17:58 IST">
          <reporter-output>
          </reporter-output>
        </test-method> <!-- CameraList -->
        <test-method status="PASS" signature="afterTest()[pri:0, instance:demoWebShop.TestNGDemoWebshop_Set2@2f177a4b]" name="afterTest" is-config="true" duration-ms="1000" started-at="2021-01-06T11:17:58 IST" finished-at="2021-01-06T11:17:59 IST">
          <reporter-output>
          </reporter-output>
        </test-method> <!-- afterTest -->
      </class> <!-- demoWebShop.TestNGDemoWebshop_Set2 -->
    </test> <!-- Default test -->
  </suite> <!-- Default suite -->
</testng-results>
